<?xml version="1.0" encoding="UTF-8" ?>
<testsuite errors="0" failures="1" hostname="DESKTOP-PTIB81B" name="fundamentaltask.FundamentalTest" skipped="1" tests="6" time="0.938" timestamp="2023-04-11T14:06:01">
  <properties>
[...]
</properties>
  <testcase classname="fundamentaltask.FundamentalTest" name="testController" time="0.858">
    <failure message="expected:&lt;articleNumber=DP00112233quantity= 24&gt; but was:&lt;articleNumber=122quantity= 0&gt;" type="junit.framework.AssertionFailedError">junit.framework.AssertionFailedError: expected:&lt;articleNumber=DP00112233quantity= 24&gt; but was:&lt;articleNumber=122quantity= 0&gt;
	at fundamentaltask.FundamentalTest.testController(FundamentalTest.java:40)
	at java.base/jdk.internal.reflect.DirectMethodHandleAccessor.invoke(DirectMethodHandleAccessor.java:104)
</failure>
  </testcase>
  <testcase classname="fundamentaltask.FundamentalTest" name="testCountDifferentChars" time="0.0">
    <skipped />
  </testcase>
  <testcase classname="fundamentaltask.FundamentalTest" name="testOrderChars" time="0.001" />
  <testcase classname="fundamentaltask.FundamentalTest" name="testReplaceUnderscores" time="0.0" />
  <testcase classname="fundamentaltask.FundamentalTest" name="testInvertCase" time="0.0" />
  <testcase classname="fundamentaltask.FundamentalTest" name="testContainsCertainDigit" time="0.004" />
  <system-out><![CDATA[[EL Warning]: metadata: 2023-04-11 16:06:01.535--ServerSession(306115458)--The java.lang.Object class was compiled with an unsupported JDK. Report this error to the EclipseLink open source project.
java.lang.IllegalArgumentException: Unsupported class file major version 63
[EL Severe]: metadata: 2023-04-11 16:06:01.541--ServerSession(306115458)--The java.lang.Object class was compiled with an unsupported JDK. Report this error to the EclipseLink open source project.
java.lang.ArrayIndexOutOfBoundsException: Index 8 out of bounds for length 0
[EL Warning]: metadata: 2023-04-11 16:06:01.552--ServerSession(306115458)--The java.util.Date class was compiled with an unsupported JDK. Report this error to the EclipseLink open source project.
java.lang.IllegalArgumentException: Unsupported class file major version 63
[EL Severe]: metadata: 2023-04-11 16:06:01.552--ServerSession(306115458)--The java.util.Date class was compiled with an unsupported JDK. Report this error to the EclipseLink open source project.
java.lang.ArrayIndexOutOfBoundsException: Index 8 out of bounds for length 0
[EL Warning]: metadata: 2023-04-11 16:06:01.552--ServerSession(306115458)--The java.lang.String class was compiled with an unsupported JDK. Report this error to the EclipseLink open source project.
java.lang.IllegalArgumentException: Unsupported class file major version 63
[EL Severe]: metadata: 2023-04-11 16:06:01.552--ServerSession(306115458)--The java.lang.String class was compiled with an unsupported JDK. Report this error to the EclipseLink open source project.
java.lang.ArrayIndexOutOfBoundsException: Index 8 out of bounds for length 0
[EL Warning]: metadata: 2023-04-11 16:06:01.555--ServerSession(306115458)--The java.math.BigDecimal class was compiled with an unsupported JDK. Report this error to the EclipseLink open source project.
java.lang.IllegalArgumentException: Unsupported class file major version 63
[EL Severe]: metadata: 2023-04-11 16:06:01.555--ServerSession(306115458)--The java.math.BigDecimal class was compiled with an unsupported JDK. Report this error to the EclipseLink open source project.
java.lang.ArrayIndexOutOfBoundsException: Index 8 out of bounds for length 0
[EL Warning]: metadata: 2023-04-11 16:06:01.556--ServerSession(306115458)--The java.util.Collection class was compiled with an unsupported JDK. Report this error to the EclipseLink open source project.
java.lang.IllegalArgumentException: Unsupported class file major version 63
[EL Severe]: metadata: 2023-04-11 16:06:01.556--ServerSession(306115458)--The java.util.Collection class was compiled with an unsupported JDK. Report this error to the EclipseLink open source project.
java.lang.ArrayIndexOutOfBoundsException: Index 8 out of bounds for length 0
[EL Warning]: metadata: 2023-04-11 16:06:01.558--ServerSession(306115458)--The java.lang.Iterable class was compiled with an unsupported JDK. Report this error to the EclipseLink open source project.
java.lang.IllegalArgumentException: Unsupported class file major version 63
[EL Severe]: metadata: 2023-04-11 16:06:01.558--ServerSession(306115458)--The java.lang.Iterable class was compiled with an unsupported JDK. Report this error to the EclipseLink open source project.
java.lang.ArrayIndexOutOfBoundsException: Index 8 out of bounds for length 0
[EL Warning]: metadata: 2023-04-11 16:06:01.558--ServerSession(306115458)--The java.lang.Integer class was compiled with an unsupported JDK. Report this error to the EclipseLink open source project.
java.lang.IllegalArgumentException: Unsupported class file major version 63
[EL Severe]: metadata: 2023-04-11 16:06:01.558--ServerSession(306115458)--The java.lang.Integer class was compiled with an unsupported JDK. Report this error to the EclipseLink open source project.
java.lang.ArrayIndexOutOfBoundsException: Index 8 out of bounds for length 0
[EL Warning]: metadata: 2023-04-11 16:06:01.56--ServerSession(306115458)--The java.io.Serializable class was compiled with an unsupported JDK. Report this error to the EclipseLink open source project.
java.lang.IllegalArgumentException: Unsupported class file major version 63
[EL Severe]: metadata: 2023-04-11 16:06:01.602--ServerSession(306115458)--The java.io.Serializable class was compiled with an unsupported JDK. Report this error to the EclipseLink open source project.
java.lang.ArrayIndexOutOfBoundsException: Index 8 out of bounds for length 0
[EL Warning]: metadata: 2023-04-11 16:06:01.611--ServerSession(306115458)--The java.lang.Double class was compiled with an unsupported JDK. Report this error to the EclipseLink open source project.
java.lang.IllegalArgumentException: Unsupported class file major version 63
[EL Severe]: metadata: 2023-04-11 16:06:01.611--ServerSession(306115458)--The java.lang.Double class was compiled with an unsupported JDK. Report this error to the EclipseLink open source project.
java.lang.ArrayIndexOutOfBoundsException
[EL Warning]: metadata: 2023-04-11 16:06:01.611--ServerSession(306115458)--The java.lang.Number class was compiled with an unsupported JDK. Report this error to the EclipseLink open source project.
java.lang.IllegalArgumentException: Unsupported class file major version 63
[EL Severe]: metadata: 2023-04-11 16:06:01.611--ServerSession(306115458)--The java.lang.Number class was compiled with an unsupported JDK. Report this error to the EclipseLink open source project.
java.lang.ArrayIndexOutOfBoundsException
[EL Info]: 2023-04-11 16:06:01.769--ServerSession(306115458)--EclipseLink, version: Eclipse Persistence Services - 2.7.10.v20211216-fe64cd39c3
orderChars
replaceUnderscores
invertCase
containsCertainDigit
You might have: 40 scores :-)
]]></system-out>
  <system-err><![CDATA[Apr 11, 2023 4:06:01 PM oop.persistance.controller.DurableHandler create
SEVERE: null
java.lang.NullPointerException: Cannot invoke "entities.StateSalesTax.getTaxKey()" because the return value of "entities.DurableProducts.getTaxId()" is null
	at oop.persistance.controller.DurableProductsJpaController.createAndMakeFK(DurableProductsJpaController.java:211)
	at oop.persistance.controller.DurableHandler.create(DurableHandler.java:27)
	at fundamentaltask.FundamentalTest.testController(FundamentalTest.java:37)
	at java.base/jdk.internal.reflect.DirectMethodHandleAccessor.invoke(DirectMethodHandleAccessor.java:104)
	at java.base/java.lang.reflect.Method.invoke(Method.java:578)
	at org.junit.runners.model.FrameworkMethod$1.runReflectiveCall(FrameworkMethod.java:59)
	at org.junit.internal.runners.model.ReflectiveCallable.run(ReflectiveCallable.java:12)
	at org.junit.runners.model.FrameworkMethod.invokeExplosively(FrameworkMethod.java:56)
	at org.junit.internal.runners.statements.InvokeMethod.evaluate(InvokeMethod.java:17)
	at org.junit.runners.ParentRunner$3.evaluate(ParentRunner.java:306)
	at org.junit.runners.BlockJUnit4ClassRunner$1.evaluate(BlockJUnit4ClassRunner.java:100)
	at org.junit.runners.ParentRunner.runLeaf(ParentRunner.java:366)
	at org.junit.runners.BlockJUnit4ClassRunner.runChild(BlockJUnit4ClassRunner.java:103)
	at org.junit.runners.BlockJUnit4ClassRunner.runChild(BlockJUnit4ClassRunner.java:63)
	at org.junit.runners.ParentRunner$4.run(ParentRunner.java:331)
	at org.junit.runners.ParentRunner$1.schedule(ParentRunner.java:79)
	at org.junit.runners.ParentRunner.runChildren(ParentRunner.java:329)
	at org.junit.runners.ParentRunner.access$100(ParentRunner.java:66)
	at org.junit.runners.ParentRunner$2.evaluate(ParentRunner.java:293)
	at org.junit.internal.runners.statements.RunAfters.evaluate(RunAfters.java:27)
	at org.junit.runners.ParentRunner$3.evaluate(ParentRunner.java:306)
	at org.junit.runners.ParentRunner.run(ParentRunner.java:413)
	at junit.framework.JUnit4TestAdapter.run(JUnit4TestAdapter.java:50)
	at org.apache.tools.ant.taskdefs.optional.junit.JUnitTestRunner.run(JUnitTestRunner.java:534)
	at org.apache.tools.ant.taskdefs.optional.junit.JUnitTestRunner.launch(JUnitTestRunner.java:1196)
	at org.apache.tools.ant.taskdefs.optional.junit.JUnitTestRunner.main(JUnitTestRunner.java:1041)

]]></system-err>
</testsuite>
